2016-06-07 15:03:21 INFO SIPDeliveryValidation task 8836f4fa-2fe7-45a9-9d95-c5fedab4333c
2016-06-07 15:03:21 INFO Processing package 8cf1a035-0792-4175-bce0-383fc9b18a9c
2016-06-07 15:03:21 INFO Marker /var/data/earkweb/work/8cf1a035-0792-4175-bce0-383fc9b18a9c
2016-06-07 15:03:21 INFO Package file: <Element {http://www.loc.gov/METS/}file at 0x7f9eeddff440>
2016-06-07 15:03:21 INFO Delivery XML file: /var/data/earkweb/work/8cf1a035-0792-4175-bce0-383fc9b18a9c/03a92832-9813-4496-b7d3-f98a2d30e0b3.xml
2016-06-07 15:03:21 INFO Schema file: /opt/python_wsgi_apps/earkweb/earkresources/schemas/mets_1_11.xsd
2016-06-07 15:03:21 INFO Extracted file reference: file://./03a92832-9813-4496-b7d3-f98a2d30e0b3.zip
2016-06-07 15:03:21 INFO Computing checksum for file: /var/data/earkweb/work/8cf1a035-0792-4175-bce0-383fc9b18a9c/./03a92832-9813-4496-b7d3-f98a2d30e0b3.zip
2016-06-07 15:03:21 INFO Checksum is valid.
2016-06-07 15:03:24 INFO IdentifierAssignment task 45ce17de-dfb1-4ff4-b966-859bb4a0be8b
2016-06-07 15:03:24 INFO Processing package 8cf1a035-0792-4175-bce0-383fc9b18a9c
2016-06-07 15:03:24 INFO New identifier assigned: 26ee0cf2-7016-470c-8e61-4a2410dd6296
2016-06-07 15:03:24 INFO Assigned identifier 26ee0cf2-7016-470c-8e61-4a2410dd6296
2016-06-07 15:03:30 INFO SIPExtraction task f9948da9-b7b8-46f5-a2ba-7b8ead93fe82
2016-06-07 15:03:30 INFO Processing package 8cf1a035-0792-4175-bce0-383fc9b18a9c
2016-06-07 15:03:30 INFO Package files found: [u'03a92832-9813-4496-b7d3-f98a2d30e0b3.zip']
2016-06-07 15:03:30 INFO Looking for delivery file: /var/data/earkweb/work/8cf1a035-0792-4175-bce0-383fc9b18a9c/03a92832-9813-4496-b7d3-f98a2d30e0b3.xml
2016-06-07 15:03:30 INFO Extracting package file /var/data/earkweb/work/8cf1a035-0792-4175-bce0-383fc9b18a9c/03a92832-9813-4496-b7d3-f98a2d30e0b3.zip to /var/data/earkweb/work/8cf1a035-0792-4175-bce0-383fc9b18a9c/03a92832-9813-4496-b7d3-f98a2d30e0b3
2016-06-07 15:03:35 INFO SIPRestructuring task 92f6e392-b312-46e2-9419-1a55fd5a3759
2016-06-07 15:03:35 INFO Processing package 8cf1a035-0792-4175-bce0-383fc9b18a9c
2016-06-07 15:03:35 INFO Package files found: [u'03a92832-9813-4496-b7d3-f98a2d30e0b3.zip']
2016-06-07 15:03:35 INFO Looking for delivery file: /var/data/earkweb/work/8cf1a035-0792-4175-bce0-383fc9b18a9c/03a92832-9813-4496-b7d3-f98a2d30e0b3.xml
2016-06-07 15:03:35 INFO Restructuring content of package: 03a92832-9813-4496-b7d3-f98a2d30e0b3
2016-06-07 15:03:35 INFO Move SIP folder '/var/data/earkweb/work/8cf1a035-0792-4175-bce0-383fc9b18a9c/03a92832-9813-4496-b7d3-f98a2d30e0b3/metadata' to '/var/data/earkweb/work/8cf1a035-0792-4175-bce0-383fc9b18a9c/submission
2016-06-07 15:03:35 INFO Move SIP folder '/var/data/earkweb/work/8cf1a035-0792-4175-bce0-383fc9b18a9c/03a92832-9813-4496-b7d3-f98a2d30e0b3/METS.xml' to '/var/data/earkweb/work/8cf1a035-0792-4175-bce0-383fc9b18a9c/submission
2016-06-07 15:03:35 INFO Move SIP folder '/var/data/earkweb/work/8cf1a035-0792-4175-bce0-383fc9b18a9c/03a92832-9813-4496-b7d3-f98a2d30e0b3/schemas' to '/var/data/earkweb/work/8cf1a035-0792-4175-bce0-383fc9b18a9c/submission
2016-06-07 15:03:35 INFO Move SIP folder '/var/data/earkweb/work/8cf1a035-0792-4175-bce0-383fc9b18a9c/03a92832-9813-4496-b7d3-f98a2d30e0b3/representations' to '/var/data/earkweb/work/8cf1a035-0792-4175-bce0-383fc9b18a9c/submission
2016-06-07 15:03:39 INFO AIPDescriptiveMetadataValidation task 9d90898f-0443-4593-83fa-f7ce72addbe1
2016-06-07 15:03:39 INFO Processing package 8cf1a035-0792-4175-bce0-383fc9b18a9c
2016-06-07 15:03:39 INFO EAD metadata file validation.
2016-06-07 15:03:39 INFO EAD metadata file found: /var/data/earkweb/work/8cf1a035-0792-4175-bce0-383fc9b18a9c/submission/metadata/descriptive/ead.xml
2016-06-07 15:03:40 INFO Using schema files specified by the 'schemaLocation' attribute
2016-06-07 15:03:40 ERROR Error validating against schemas using schema files specified by the 'schemaLocation' attribute:
2016-06-07 15:03:40 ERROR - XMLSchemaParseError occurred!
2016-06-07 15:03:40 ERROR - complex type 'objectxmlwrap': The content model is not determinist., line 1397
2016-06-07 15:03:48 INFO AIPDescriptiveMetadataValidation task 9775defa-2b92-42de-b670-c8683c049450
2016-06-07 15:03:48 INFO Processing package 8cf1a035-0792-4175-bce0-383fc9b18a9c
2016-06-07 15:03:48 INFO EAD metadata file validation.
2016-06-07 15:03:48 INFO EAD metadata file found: /var/data/earkweb/work/8cf1a035-0792-4175-bce0-383fc9b18a9c/submission/metadata/descriptive/ead.xml
2016-06-07 15:03:48 INFO Using schema files specified by the 'schemaLocation' attribute
2016-06-07 15:03:48 ERROR Error validating against schemas using schema files specified by the 'schemaLocation' attribute:
2016-06-07 15:03:48 ERROR - XMLSchemaParseError occurred!
2016-06-07 15:03:48 ERROR - complex type 'objectxmlwrap': The content model is not determinist., line 1397
2016-06-07 15:03:50 INFO AIPDescriptiveMetadataValidation task 1afca3e2-773f-42d0-8500-d59ee40d45cb
2016-06-07 15:03:50 INFO Processing package 8cf1a035-0792-4175-bce0-383fc9b18a9c
2016-06-07 15:03:50 INFO EAD metadata file validation.
2016-06-07 15:03:50 INFO EAD metadata file found: /var/data/earkweb/work/8cf1a035-0792-4175-bce0-383fc9b18a9c/submission/metadata/descriptive/ead.xml
2016-06-07 15:03:50 INFO Using schema files specified by the 'schemaLocation' attribute
2016-06-07 15:03:50 ERROR Error validating against schemas using schema files specified by the 'schemaLocation' attribute:
2016-06-07 15:03:50 ERROR - XMLSchemaParseError occurred!
2016-06-07 15:03:50 ERROR - complex type 'objectxmlwrap': The content model is not determinist., line 1397
2016-06-07 15:03:53 INFO AIPDescriptiveMetadataValidation task 9698947e-27c9-4eb2-ba71-66a2a96c35a7
2016-06-07 15:03:53 INFO Processing package 8cf1a035-0792-4175-bce0-383fc9b18a9c
2016-06-07 15:03:53 INFO EAD metadata file validation.
2016-06-07 15:03:53 INFO EAD metadata file found: /var/data/earkweb/work/8cf1a035-0792-4175-bce0-383fc9b18a9c/submission/metadata/descriptive/ead.xml
2016-06-07 15:03:53 INFO Using schema files specified by the 'schemaLocation' attribute
2016-06-07 15:03:53 ERROR Error validating against schemas using schema files specified by the 'schemaLocation' attribute:
2016-06-07 15:03:53 ERROR - XMLSchemaParseError occurred!
2016-06-07 15:03:53 ERROR - complex type 'objectxmlwrap': The content model is not determinist., line 1397
2016-06-07 15:20:29 INFO AIPDescriptiveMetadataValidation task a6fec7e7-83e7-4974-b4ed-c5848cd23a43
2016-06-07 15:20:29 INFO Processing package 8cf1a035-0792-4175-bce0-383fc9b18a9c
2016-06-07 15:20:29 INFO EAD metadata file validation.
2016-06-07 15:20:29 INFO EAD metadata file found: /var/data/earkweb/work/8cf1a035-0792-4175-bce0-383fc9b18a9c/submission/metadata/descriptive/ead.xml
2016-06-07 15:20:29 INFO Using schema files specified by the 'schemaLocation' attribute
2016-06-07 15:20:29 ERROR Error validating against schemas using schema files specified by the 'schemaLocation' attribute:
2016-06-07 15:20:29 ERROR - XMLSchemaParseError occurred!
2016-06-07 15:20:29 ERROR - complex type 'objectxmlwrap': The content model is not determinist., line 1397
2016-06-07 15:22:39 INFO AIPDescriptiveMetadataValidation task 9b14e7ed-8181-41b2-a246-e7f02cb300c4
2016-06-07 15:22:39 INFO Processing package 8cf1a035-0792-4175-bce0-383fc9b18a9c
2016-06-07 15:22:39 INFO EAD metadata file validation.
2016-06-07 15:22:39 INFO EAD metadata file found: /var/data/earkweb/work/8cf1a035-0792-4175-bce0-383fc9b18a9c/submission/metadata/descriptive/ead.xml
2016-06-07 15:22:39 INFO Using schema files specified by the 'schemaLocation' attribute
2016-06-07 15:22:39 ERROR Error validating against schemas using schema files specified by the 'schemaLocation' attribute:
2016-06-07 15:22:39 ERROR - XMLSchemaParseError occurred!
2016-06-07 15:22:39 ERROR - complex type 'objectxmlwrap': The content model is not determinist., line 1397
2016-06-07 15:23:17 INFO AIPDescriptiveMetadataValidation task 1ccd1949-bd9d-49c8-9080-f783a5a74026
2016-06-07 15:23:17 INFO Processing package 8cf1a035-0792-4175-bce0-383fc9b18a9c
2016-06-07 15:23:17 INFO EAD metadata file validation.
2016-06-07 15:23:17 INFO EAD metadata file found: /var/data/earkweb/work/8cf1a035-0792-4175-bce0-383fc9b18a9c/submission/metadata/descriptive/ead.xml
2016-06-07 15:23:18 INFO Using schema files specified by the 'schemaLocation' attribute
2016-06-07 15:23:18 ERROR Error validating against schemas using schema files specified by the 'schemaLocation' attribute:
2016-06-07 15:23:18 ERROR - XMLSchemaParseError occurred!
2016-06-07 15:23:18 ERROR - complex type 'objectxmlwrap': The content model is not determinist., line 1397
2016-06-07 15:26:08 INFO AIPDescriptiveMetadataValidation task 982a91d4-17ae-4110-ba2c-11c239869581
2016-06-07 15:26:08 INFO Processing package 8cf1a035-0792-4175-bce0-383fc9b18a9c
2016-06-07 15:26:08 INFO EAD metadata file validation.
2016-06-07 15:26:08 INFO EAD metadata file found: /var/data/earkweb/work/8cf1a035-0792-4175-bce0-383fc9b18a9c/submission/metadata/descriptive/ead.xml
2016-06-07 15:26:08 INFO Using schema files specified by the 'schemaLocation' attribute
2016-06-07 15:26:08 ERROR Error validating against schemas using schema files specified by the 'schemaLocation' attribute:
2016-06-07 15:26:08 ERROR - XMLSchemaParseError occurred!
2016-06-07 15:26:08 ERROR - complex type 'objectxmlwrap': The content model is not determinist., line 1397
2016-06-07 15:28:26 INFO AIPDescriptiveMetadataValidation task 01fcf9e8-d61e-4456-83c3-be6a8aa8c302
2016-06-07 15:28:26 INFO Processing package 8cf1a035-0792-4175-bce0-383fc9b18a9c
2016-06-07 15:28:26 INFO EAD metadata file validation.
2016-06-07 15:28:26 INFO EAD metadata file found: /var/data/earkweb/work/8cf1a035-0792-4175-bce0-383fc9b18a9c/submission/metadata/descriptive/ead.xml
2016-06-07 15:28:26 INFO Using schema files specified by the 'schemaLocation' attribute
2016-06-07 15:28:26 ERROR Error validating against schemas using schema files specified by the 'schemaLocation' attribute:
2016-06-07 15:28:26 ERROR - XMLSchemaParseError occurred!
2016-06-07 15:28:26 ERROR - complex type 'objectxmlwrap': The content model is not determinist., line 1397
2016-06-07 15:29:20 INFO AIPDescriptiveMetadataValidation task 64a1b00a-50a6-414a-978f-81c39c8f4a61
2016-06-07 15:29:20 INFO Processing package 8cf1a035-0792-4175-bce0-383fc9b18a9c
2016-06-07 15:29:20 INFO EAD metadata file validation.
2016-06-07 15:29:20 INFO EAD metadata file found: /var/data/earkweb/work/8cf1a035-0792-4175-bce0-383fc9b18a9c/submission/metadata/descriptive/ead.xml
2016-06-07 15:29:20 INFO Using schema files specified by the 'schemaLocation' attribute
2016-06-07 15:29:20 ERROR Error validating against schemas using schema files specified by the 'schemaLocation' attribute:
2016-06-07 15:29:20 ERROR - XMLSchemaParseError occurred!
2016-06-07 15:29:20 ERROR - complex type 'objectxmlwrap': The content model is not determinist., line 1397
2016-06-07 15:30:20 INFO AIPDescriptiveMetadataValidation task 2856f116-bc94-487e-8e6d-27b9a334062c
2016-06-07 15:30:20 INFO Processing package 8cf1a035-0792-4175-bce0-383fc9b18a9c
2016-06-07 15:30:20 INFO EAD metadata file validation.
2016-06-07 15:30:20 INFO EAD metadata file found: /var/data/earkweb/work/8cf1a035-0792-4175-bce0-383fc9b18a9c/submission/metadata/descriptive/ead.xml
2016-06-07 15:30:20 INFO Using schema files specified by the 'schemaLocation' attribute
2016-06-07 15:30:20 ERROR Error validating against schemas using schema files specified by the 'schemaLocation' attribute:
2016-06-07 15:30:20 ERROR - XMLSchemaParseError occurred!
2016-06-07 15:30:20 ERROR - complex type 'objectxmlwrap': The content model is not determinist., line 1397
2016-06-07 15:36:44 INFO AIPDescriptiveMetadataValidation task 0ef65d90-0593-4c00-993c-3025b3d3bd66
2016-06-07 15:36:44 INFO Processing package 8cf1a035-0792-4175-bce0-383fc9b18a9c
2016-06-07 15:36:44 INFO EAD metadata file validation.
2016-06-07 15:36:44 INFO EAD metadata file found: /var/data/earkweb/work/8cf1a035-0792-4175-bce0-383fc9b18a9c/submission/metadata/descriptive/ead.xml
2016-06-07 15:36:44 INFO Using schema files specified by the 'schemaLocation' attribute
2016-06-07 15:36:44 ERROR Error validating against schemas using schema files specified by the 'schemaLocation' attribute:
2016-06-07 15:36:44 ERROR - XMLSchemaParseError occurred!
2016-06-07 15:36:44 ERROR - complex type 'objectxmlwrap': The content model is not determinist., line 1397
2016-06-07 15:37:54 INFO AIPDescriptiveMetadataValidation task e5a56760-e09d-426b-919f-b32d763f7017
2016-06-07 15:37:54 INFO Processing package 8cf1a035-0792-4175-bce0-383fc9b18a9c
2016-06-07 15:37:54 INFO EAD metadata file validation.
2016-06-07 15:37:54 INFO EAD metadata file found: /var/data/earkweb/work/8cf1a035-0792-4175-bce0-383fc9b18a9c/submission/metadata/descriptive/ead.xml
2016-06-07 15:37:54 INFO Using schema files specified by the 'schemaLocation' attribute
2016-06-07 15:37:54 ERROR Error validating against schemas using schema files specified by the 'schemaLocation' attribute:
2016-06-07 15:37:54 ERROR - XMLSchemaParseError occurred!
2016-06-07 15:37:54 ERROR - complex type 'objectxmlwrap': The content model is not determinist., line 1397
2016-06-07 15:39:22 INFO AIPDescriptiveMetadataValidation task a02f1fa0-f838-4b84-9279-2a3d03fa2e72
2016-06-07 15:39:22 INFO Processing package 8cf1a035-0792-4175-bce0-383fc9b18a9c
2016-06-07 15:39:22 INFO EAD metadata file validation.
2016-06-07 15:39:22 INFO EAD metadata file found: /var/data/earkweb/work/8cf1a035-0792-4175-bce0-383fc9b18a9c/submission/metadata/descriptive/ead.xml
2016-06-07 15:39:22 INFO Using schema files specified by the 'schemaLocation' attribute
2016-06-07 15:39:22 INFO Metadata file '/var/data/earkweb/work/8cf1a035-0792-4175-bce0-383fc9b18a9c/submission/metadata/descriptive/ead.xml' successfully validated.
2016-06-07 15:39:22 ERROR Exception during EAD metadata file validation.
2016-06-07 15:41:08 INFO AIPDescriptiveMetadataValidation task c67b7597-0771-431d-a026-fdad2e538869
2016-06-07 15:41:08 INFO Processing package 8cf1a035-0792-4175-bce0-383fc9b18a9c
2016-06-07 15:41:08 INFO EAD metadata file validation.
2016-06-07 15:41:08 INFO EAD metadata file found: /var/data/earkweb/work/8cf1a035-0792-4175-bce0-383fc9b18a9c/submission/metadata/descriptive/ead.xml
2016-06-07 15:41:08 INFO Using schema files specified by the 'schemaLocation' attribute
2016-06-07 15:41:08 INFO Metadata file '/var/data/earkweb/work/8cf1a035-0792-4175-bce0-383fc9b18a9c/submission/metadata/descriptive/ead.xml' successfully validated.
2016-06-07 15:41:08 ERROR Exception during EAD metadata file validation.
2016-06-07 15:41:21 INFO AIPDescriptiveMetadataValidation task 1acd88cf-bced-4af7-b4e5-78b81a4152ff
2016-06-07 15:41:21 INFO Processing package 8cf1a035-0792-4175-bce0-383fc9b18a9c
2016-06-07 15:41:21 INFO EAD metadata file validation.
2016-06-07 15:41:21 INFO EAD metadata file found: /var/data/earkweb/work/8cf1a035-0792-4175-bce0-383fc9b18a9c/submission/metadata/descriptive/ead.xml
2016-06-07 15:41:21 INFO Using schema files specified by the 'schemaLocation' attribute
2016-06-07 15:41:21 INFO Metadata file '/var/data/earkweb/work/8cf1a035-0792-4175-bce0-383fc9b18a9c/submission/metadata/descriptive/ead.xml' successfully validated.
2016-06-07 15:41:21 ERROR Error: '{http://www.w3.org/1999/xlink}href'
2016-06-07 15:55:06 INFO AIPDescriptiveMetadataValidation task c35c977a-b568-4f84-8e89-2c4248a86c0c
2016-06-07 15:55:06 INFO Processing package 8cf1a035-0792-4175-bce0-383fc9b18a9c
2016-06-07 15:55:06 INFO EAD metadata file validation.
2016-06-07 15:55:06 INFO EAD metadata file found: /var/data/earkweb/work/8cf1a035-0792-4175-bce0-383fc9b18a9c/submission/metadata/descriptive/ead.xml
2016-06-07 15:55:06 INFO Using schema files specified by the 'schemaLocation' attribute
2016-06-07 15:55:06 INFO Metadata file '/var/data/earkweb/work/8cf1a035-0792-4175-bce0-383fc9b18a9c/submission/metadata/descriptive/ead.xml' successfully validated.
2016-06-07 15:55:06 ERROR Error: '{http://www.w3.org/1999/xlink}href'
2016-06-07 15:57:43 INFO AIPDescriptiveMetadataValidation task aa9ad6f5-1ee7-49c9-a709-d5a515e57f77
2016-06-07 15:57:43 INFO Processing package 8cf1a035-0792-4175-bce0-383fc9b18a9c
2016-06-07 15:57:43 INFO EAD metadata file validation.
2016-06-07 15:57:43 INFO EAD metadata file found: /var/data/earkweb/work/8cf1a035-0792-4175-bce0-383fc9b18a9c/submission/metadata/descriptive/ead.xml
2016-06-07 15:57:43 INFO Using schema files specified by the 'schemaLocation' attribute
2016-06-07 15:57:43 INFO Metadata file '/var/data/earkweb/work/8cf1a035-0792-4175-bce0-383fc9b18a9c/submission/metadata/descriptive/ead.xml' successfully validated.
2016-06-07 15:57:43 ERROR An error occurred: '{http://www.w3.org/1999/xlink}href'
2016-06-07 15:57:43 ERROR Traceback (most recent call last):
  File "/opt/python_wsgi_apps/earkweb/workers/tasks.py", line 697, in run_task
    valid = validate_ead_metadata(metadata_dir, 'ead.xml', None, tl)
  File "/opt/python_wsgi_apps/earkweb/earkcore/metadata/task_utils.py", line 53, in validate_ead_metadata
    dao_ref_file = os.path.join(ead_dir, remove_protocol(dao.attrib['{http://www.w3.org/1999/xlink}href']))
  File "lxml.etree.pyx", line 2366, in lxml.etree._Attrib.__getitem__ (src/lxml/lxml.etree.c:62258)
KeyError: '{http://www.w3.org/1999/xlink}href'

2016-06-07 16:00:09 INFO File content successfully written to /var/data/earkweb/work/8cf1a035-0792-4175-bce0-383fc9b18a9c/submission/metadata/descriptive/ead.xml
2016-06-07 16:00:11 INFO File content successfully written to /var/data/earkweb/work/8cf1a035-0792-4175-bce0-383fc9b18a9c/submission/metadata/descriptive/ead.xml
2016-06-07 16:00:16 INFO AIPDescriptiveMetadataValidation task 4231e841-d4e9-4f90-9835-721fee8456e3
2016-06-07 16:00:16 INFO Processing package 8cf1a035-0792-4175-bce0-383fc9b18a9c
2016-06-07 16:00:16 INFO EAD metadata file validation.
2016-06-07 16:00:16 INFO EAD metadata file found: /var/data/earkweb/work/8cf1a035-0792-4175-bce0-383fc9b18a9c/submission/metadata/descriptive/ead.xml
2016-06-07 16:00:16 INFO Using schema files specified by the 'schemaLocation' attribute
2016-06-07 16:00:16 ERROR Error validating against schemas using schema files specified by the 'schemaLocation' attribute:
2016-06-07 16:00:16 ERROR - DocumentInvalid occurred!
2016-06-07 16:00:16 ERROR - domain_name: SCHEMASV
2016-06-07 16:00:16 ERROR - domain: 17
2016-06-07 16:00:16 ERROR - filename: /var/data/earkweb/work/8cf1a035-0792-4175-bce0-383fc9b18a9c/submission/metadata/descriptive/ead.xml
2016-06-07 16:00:16 ERROR - level: 2
2016-06-07 16:00:16 ERROR - level_name: ERROR
2016-06-07 16:00:16 ERROR - line: 86
2016-06-07 16:00:16 ERROR - message: Element '{http://ead3.archivists.org/schema/}dao', attribute '{http://ead3.archivists.org/schema/}href': The attribute '{http://ead3.archivists.org/schema/}href' is not allowed.
2016-06-07 16:00:16 ERROR - type: 1866
2016-06-07 16:00:16 ERROR - type_name: SCHEMAV_CVC_COMPLEX_TYPE_3_2_1
2016-06-07 16:01:10 INFO File content successfully written to /var/data/earkweb/work/8cf1a035-0792-4175-bce0-383fc9b18a9c/submission/metadata/descriptive/ead.xml
2016-06-07 16:01:17 INFO AIPDescriptiveMetadataValidation task 4b7a47cc-4729-4430-9211-057632835676
2016-06-07 16:01:17 INFO Processing package 8cf1a035-0792-4175-bce0-383fc9b18a9c
2016-06-07 16:01:17 INFO EAD metadata file validation.
2016-06-07 16:01:17 INFO EAD metadata file found: /var/data/earkweb/work/8cf1a035-0792-4175-bce0-383fc9b18a9c/submission/metadata/descriptive/ead.xml
2016-06-07 16:01:17 INFO Using schema files specified by the 'schemaLocation' attribute
2016-06-07 16:01:17 ERROR Error validating against schemas using schema files specified by the 'schemaLocation' attribute:
2016-06-07 16:01:17 ERROR - DocumentInvalid occurred!
2016-06-07 16:01:17 ERROR - domain_name: SCHEMASV
2016-06-07 16:01:17 ERROR - domain: 17
2016-06-07 16:01:17 ERROR - filename: /var/data/earkweb/work/8cf1a035-0792-4175-bce0-383fc9b18a9c/submission/metadata/descriptive/ead.xml
2016-06-07 16:01:17 ERROR - level: 2
2016-06-07 16:01:17 ERROR - level_name: ERROR
2016-06-07 16:01:17 ERROR - line: 86
2016-06-07 16:01:17 ERROR - message: Element '{http://ead3.archivists.org/schema/}dao', attribute '{http://ead4.archivists.org/schema/}href': The attribute '{http://ead4.archivists.org/schema/}href' is not allowed.
2016-06-07 16:01:17 ERROR - type: 1866
2016-06-07 16:01:17 ERROR - type_name: SCHEMAV_CVC_COMPLEX_TYPE_3_2_1
2016-06-07 16:04:34 INFO File content successfully written to /var/data/earkweb/work/8cf1a035-0792-4175-bce0-383fc9b18a9c/submission/metadata/descriptive/ead.xml
2016-06-07 16:04:36 INFO AIPDescriptiveMetadataValidation task 919235a5-204c-4a5a-a81d-85b745eb00cb
2016-06-07 16:04:36 INFO Processing package 8cf1a035-0792-4175-bce0-383fc9b18a9c
2016-06-07 16:04:36 INFO EAD metadata file validation.
2016-06-07 16:04:36 INFO EAD metadata file found: /var/data/earkweb/work/8cf1a035-0792-4175-bce0-383fc9b18a9c/submission/metadata/descriptive/ead.xml
2016-06-07 16:04:36 INFO Using schema files specified by the 'schemaLocation' attribute
2016-06-07 16:04:36 ERROR Error validating against schemas using schema files specified by the 'schemaLocation' attribute:
2016-06-07 16:04:36 ERROR - DocumentInvalid occurred!
2016-06-07 16:04:36 ERROR - domain_name: SCHEMASV
2016-06-07 16:04:36 ERROR - domain: 17
2016-06-07 16:04:36 ERROR - filename: /var/data/earkweb/work/8cf1a035-0792-4175-bce0-383fc9b18a9c/submission/metadata/descriptive/ead.xml
2016-06-07 16:04:36 ERROR - level: 2
2016-06-07 16:04:36 ERROR - level_name: ERROR
2016-06-07 16:04:36 ERROR - line: 86
2016-06-07 16:04:36 ERROR - message: Element '{http://ead3.archivists.org/schema/}dao', attribute '{http://ead4.archivists.org/schema/}href': The attribute '{http://ead4.archivists.org/schema/}href' is not allowed.
2016-06-07 16:04:36 ERROR - type: 1866
2016-06-07 16:04:36 ERROR - type_name: SCHEMAV_CVC_COMPLEX_TYPE_3_2_1
2016-06-07 16:05:25 INFO File content successfully written to /var/data/earkweb/work/8cf1a035-0792-4175-bce0-383fc9b18a9c/submission/metadata/descriptive/ead.xml
2016-06-07 16:05:28 INFO AIPDescriptiveMetadataValidation task c33e63f5-6d64-40cc-b44e-4185af67c305
2016-06-07 16:05:28 INFO Processing package 8cf1a035-0792-4175-bce0-383fc9b18a9c
2016-06-07 16:05:28 INFO EAD metadata file validation.
2016-06-07 16:05:28 INFO EAD metadata file found: /var/data/earkweb/work/8cf1a035-0792-4175-bce0-383fc9b18a9c/submission/metadata/descriptive/ead.xml
2016-06-07 16:05:28 INFO Using schema files specified by the 'schemaLocation' attribute
2016-06-07 16:05:28 ERROR Error validating against schemas using schema files specified by the 'schemaLocation' attribute:
2016-06-07 16:05:28 ERROR - DocumentInvalid occurred!
2016-06-07 16:05:28 ERROR - domain_name: SCHEMASV
2016-06-07 16:05:28 ERROR - domain: 17
2016-06-07 16:05:28 ERROR - filename: /var/data/earkweb/work/8cf1a035-0792-4175-bce0-383fc9b18a9c/submission/metadata/descriptive/ead.xml
2016-06-07 16:05:28 ERROR - level: 2
2016-06-07 16:05:28 ERROR - level_name: ERROR
2016-06-07 16:05:28 ERROR - line: 86
2016-06-07 16:05:28 ERROR - message: Element '{http://ead3.archivists.org/schema/}dao', attribute '{http://ead3.archivists.org/schema/}href': The attribute '{http://ead3.archivists.org/schema/}href' is not allowed.
2016-06-07 16:05:28 ERROR - type: 1866
2016-06-07 16:05:28 ERROR - type_name: SCHEMAV_CVC_COMPLEX_TYPE_3_2_1
2016-06-07 16:10:27 INFO File content successfully written to /var/data/earkweb/work/8cf1a035-0792-4175-bce0-383fc9b18a9c/submission/metadata/descriptive/ead.xml
2016-06-07 16:10:34 INFO AIPDescriptiveMetadataValidation task a135455d-b94b-4839-81c0-09f1360d21d7
2016-06-07 16:10:34 INFO Processing package 8cf1a035-0792-4175-bce0-383fc9b18a9c
2016-06-07 16:10:34 INFO EAD metadata file validation.
2016-06-07 16:10:34 INFO EAD metadata file found: /var/data/earkweb/work/8cf1a035-0792-4175-bce0-383fc9b18a9c/submission/metadata/descriptive/ead.xml
2016-06-07 16:10:34 INFO Using schema files specified by the 'schemaLocation' attribute
2016-06-07 16:10:34 ERROR Error validating against schemas using schema files specified by the 'schemaLocation' attribute:
2016-06-07 16:10:34 ERROR - DocumentInvalid occurred!
2016-06-07 16:10:34 ERROR - domain_name: SCHEMASV
2016-06-07 16:10:34 ERROR - domain: 17
2016-06-07 16:10:34 ERROR - filename: /var/data/earkweb/work/8cf1a035-0792-4175-bce0-383fc9b18a9c/submission/metadata/descriptive/ead.xml
2016-06-07 16:10:34 ERROR - level: 2
2016-06-07 16:10:34 ERROR - level_name: ERROR
2016-06-07 16:10:34 ERROR - line: 86
2016-06-07 16:10:34 ERROR - message: Element '{http://ead3.archivists.org/schema/}dao', attribute 'am.simplelink.href': The attribute 'am.simplelink.href' is not allowed.
2016-06-07 16:10:34 ERROR - type: 1866
2016-06-07 16:10:34 ERROR - type_name: SCHEMAV_CVC_COMPLEX_TYPE_3_2_1
2016-06-07 16:11:05 INFO File content successfully written to /var/data/earkweb/work/8cf1a035-0792-4175-bce0-383fc9b18a9c/submission/metadata/descriptive/ead.xml
2016-06-07 16:11:21 INFO File content successfully written to /var/data/earkweb/work/8cf1a035-0792-4175-bce0-383fc9b18a9c/submission/metadata/descriptive/ead.xml
2016-06-07 16:11:22 INFO File content successfully written to /var/data/earkweb/work/8cf1a035-0792-4175-bce0-383fc9b18a9c/submission/metadata/descriptive/ead.xml
2016-06-07 18:02:18 INFO AIPDescriptiveMetadataValidation task 991010cd-516d-40d2-9f32-c8fc3ad02d85
2016-06-07 18:02:18 INFO Processing package 8cf1a035-0792-4175-bce0-383fc9b18a9c
2016-06-07 18:02:18 INFO EAD metadata file validation.
2016-06-07 18:02:18 INFO EAD metadata file found: /var/data/earkweb/work/8cf1a035-0792-4175-bce0-383fc9b18a9c/submission/metadata/descriptive/ead.xml
2016-06-07 18:02:18 INFO Using schema files specified by the 'schemaLocation' attribute
2016-06-07 18:02:18 ERROR Error validating against schemas using schema files specified by the 'schemaLocation' attribute:
2016-06-07 18:02:18 ERROR - DocumentInvalid occurred!
2016-06-07 18:02:18 ERROR - domain_name: SCHEMASV
2016-06-07 18:02:18 ERROR - domain: 17
2016-06-07 18:02:18 ERROR - filename: /var/data/earkweb/work/8cf1a035-0792-4175-bce0-383fc9b18a9c/submission/metadata/descriptive/ead.xml
2016-06-07 18:02:18 ERROR - level: 2
2016-06-07 18:02:18 ERROR - level_name: ERROR
2016-06-07 18:02:18 ERROR - line: 86
2016-06-07 18:02:18 ERROR - message: Element '{http://ead3.archivists.org/schema/}dao', attribute '{http://ead3.archivists.org/schema/}href': The attribute '{http://ead3.archivists.org/schema/}href' is not allowed.
2016-06-07 18:02:18 ERROR - type: 1866
2016-06-07 18:02:18 ERROR - type_name: SCHEMAV_CVC_COMPLEX_TYPE_3_2_1
2016-06-07 18:08:55 INFO File content successfully written to /var/data/earkweb/work/8cf1a035-0792-4175-bce0-383fc9b18a9c/submission/metadata/descriptive/ead.xml
2016-06-07 18:09:05 INFO File content successfully written to /var/data/earkweb/work/8cf1a035-0792-4175-bce0-383fc9b18a9c/submission/metadata/descriptive/ead.xml
2016-06-07 18:09:08 INFO AIPDescriptiveMetadataValidation task 49717a29-a628-4d72-9bfb-59294bb50948
2016-06-07 18:09:08 INFO Processing package 8cf1a035-0792-4175-bce0-383fc9b18a9c
2016-06-07 18:09:08 INFO EAD metadata file validation.
2016-06-07 18:09:08 INFO EAD metadata file found: /var/data/earkweb/work/8cf1a035-0792-4175-bce0-383fc9b18a9c/submission/metadata/descriptive/ead.xml
2016-06-07 18:09:08 INFO Using schema files specified by the 'schemaLocation' attribute
2016-06-07 18:09:08 INFO Metadata file '/var/data/earkweb/work/8cf1a035-0792-4175-bce0-383fc9b18a9c/submission/metadata/descriptive/ead.xml' successfully validated.
2016-06-07 18:09:08 ERROR An error occurred: '{http://www.w3.org/1999/xlink}href'
2016-06-07 18:09:08 ERROR Traceback (most recent call last):
  File "/opt/python_wsgi_apps/earkweb/workers/tasks.py", line 697, in run_task
    valid = validate_ead_metadata(metadata_dir, 'ead.xml', None, tl)
  File "/opt/python_wsgi_apps/earkweb/earkcore/metadata/task_utils.py", line 53, in validate_ead_metadata
    dao_ref_file = os.path.join(ead_dir, remove_protocol(dao.attrib['{http://www.w3.org/1999/xlink}href']))
  File "lxml.etree.pyx", line 2366, in lxml.etree._Attrib.__getitem__ (src/lxml/lxml.etree.c:62258)
KeyError: '{http://www.w3.org/1999/xlink}href'

2016-06-07 18:23:18 INFO AIPDescriptiveMetadataValidation task 0077292c-e407-4db4-bd82-a3801faea6cd
2016-06-07 18:23:18 INFO Processing package 8cf1a035-0792-4175-bce0-383fc9b18a9c
2016-06-07 18:23:18 INFO EAD metadata file validation.
2016-06-07 18:23:18 INFO EAD metadata file found: /var/data/earkweb/work/8cf1a035-0792-4175-bce0-383fc9b18a9c/submission/metadata/descriptive/ead.xml
2016-06-07 18:23:18 INFO Using schema files specified by the 'schemaLocation' attribute
2016-06-07 18:23:18 INFO Metadata file '/var/data/earkweb/work/8cf1a035-0792-4175-bce0-383fc9b18a9c/submission/metadata/descriptive/ead.xml' successfully validated.
2016-06-07 18:23:18 ERROR An error occurred: '{http://www.w3.org/1999/xlink}href'
2016-06-07 18:23:18 ERROR Traceback (most recent call last):
  File "/opt/python_wsgi_apps/earkweb/workers/tasks.py", line 697, in run_task
    valid = validate_ead_metadata(metadata_dir, 'ead.xml', None, tl)
  File "/opt/python_wsgi_apps/earkweb/earkcore/metadata/task_utils.py", line 53, in validate_ead_metadata
    dao_ref_file = os.path.join(ead_dir, remove_protocol(dao.attrib['{http://www.w3.org/1999/xlink}href']))
  File "lxml.etree.pyx", line 2366, in lxml.etree._Attrib.__getitem__ (src/lxml/lxml.etree.c:62258)
KeyError: '{http://www.w3.org/1999/xlink}href'

2016-06-07 18:23:25 INFO AIPDescriptiveMetadataValidation task f1b831ab-f8a0-456e-8d15-42f99ecfd03f
2016-06-07 18:23:25 INFO Processing package 8cf1a035-0792-4175-bce0-383fc9b18a9c
2016-06-07 18:23:25 INFO EAD metadata file validation.
2016-06-07 18:23:25 INFO EAD metadata file found: /var/data/earkweb/work/8cf1a035-0792-4175-bce0-383fc9b18a9c/submission/metadata/descriptive/ead.xml
2016-06-07 18:23:25 INFO Using schema files specified by the 'schemaLocation' attribute
2016-06-07 18:23:25 INFO Metadata file '/var/data/earkweb/work/8cf1a035-0792-4175-bce0-383fc9b18a9c/submission/metadata/descriptive/ead.xml' successfully validated.
2016-06-07 18:23:25 ERROR An error occurred: '{http://www.w3.org/1999/xlink}href'
2016-06-07 18:23:25 ERROR Traceback (most recent call last):
  File "/opt/python_wsgi_apps/earkweb/workers/tasks.py", line 697, in run_task
    valid = validate_ead_metadata(metadata_dir, 'ead.xml', None, tl)
  File "/opt/python_wsgi_apps/earkweb/earkcore/metadata/task_utils.py", line 53, in validate_ead_metadata
    dao_ref_file = os.path.join(ead_dir, remove_protocol(dao.attrib['{http://www.w3.org/1999/xlink}href']))
  File "lxml.etree.pyx", line 2366, in lxml.etree._Attrib.__getitem__ (src/lxml/lxml.etree.c:62258)
KeyError: '{http://www.w3.org/1999/xlink}href'

2016-06-07 18:25:09 INFO File content successfully written to /var/data/earkweb/work/8cf1a035-0792-4175-bce0-383fc9b18a9c/submission/metadata/descriptive/ead.xml
2016-06-07 18:25:15 INFO AIPDescriptiveMetadataValidation task c72d88c7-a1c0-4537-8bf8-867e96bdd954
2016-06-07 18:25:15 INFO Processing package 8cf1a035-0792-4175-bce0-383fc9b18a9c
2016-06-07 18:25:15 INFO EAD metadata file validation.
2016-06-07 18:25:15 INFO EAD metadata file found: /var/data/earkweb/work/8cf1a035-0792-4175-bce0-383fc9b18a9c/submission/metadata/descriptive/ead.xml
2016-06-07 18:25:15 INFO Using schema files specified by the 'schemaLocation' attribute
2016-06-07 18:25:15 INFO Metadata file '/var/data/earkweb/work/8cf1a035-0792-4175-bce0-383fc9b18a9c/submission/metadata/descriptive/ead.xml' successfully validated.
2016-06-07 18:25:15 INFO The EAD file does not contain any file references.
2016-06-07 18:25:15 INFO All file references in the EAD file are valid.
2016-06-07 18:26:30 INFO AIPDescriptiveMetadataValidation task 307d9987-aef4-45d8-89c0-e1e93f66449d
2016-06-07 18:26:30 INFO Processing package 8cf1a035-0792-4175-bce0-383fc9b18a9c
2016-06-07 18:26:30 INFO EAD metadata file validation.
2016-06-07 18:26:30 INFO EAD metadata file found: /var/data/earkweb/work/8cf1a035-0792-4175-bce0-383fc9b18a9c/submission/metadata/descriptive/ead.xml
2016-06-07 18:26:30 INFO Using schema files specified by the 'schemaLocation' attribute
2016-06-07 18:26:30 INFO Metadata file '/var/data/earkweb/work/8cf1a035-0792-4175-bce0-383fc9b18a9c/submission/metadata/descriptive/ead.xml' successfully validated.
2016-06-07 18:26:30 INFO The EAD file does not contain any file references.
2016-06-07 18:26:30 INFO All file references in the EAD file are valid.
2016-06-07 18:27:23 INFO AIPDescriptiveMetadataValidation task 5cc73921-5d05-42cb-b769-829fa5bea0c9
2016-06-07 18:27:23 INFO Processing package 8cf1a035-0792-4175-bce0-383fc9b18a9c
2016-06-07 18:27:23 INFO EAD metadata file validation.
2016-06-07 18:27:23 INFO EAD metadata file found: /var/data/earkweb/work/8cf1a035-0792-4175-bce0-383fc9b18a9c/submission/metadata/descriptive/ead.xml
2016-06-07 18:27:23 INFO Using schema files specified by the 'schemaLocation' attribute
2016-06-07 18:27:23 INFO Metadata file '/var/data/earkweb/work/8cf1a035-0792-4175-bce0-383fc9b18a9c/submission/metadata/descriptive/ead.xml' successfully validated.
2016-06-07 18:27:23 INFO The EAD file does not contain any file references.
2016-06-07 18:27:57 INFO File content successfully written to /var/data/earkweb/work/8cf1a035-0792-4175-bce0-383fc9b18a9c/submission/metadata/descriptive/ead.xml
2016-06-07 18:28:04 INFO AIPDescriptiveMetadataValidation task b12572b9-ca87-49d3-b434-dec6671d5094
2016-06-07 18:28:04 INFO Processing package 8cf1a035-0792-4175-bce0-383fc9b18a9c
2016-06-07 18:28:04 INFO EAD metadata file validation.
2016-06-07 18:28:04 INFO EAD metadata file found: /var/data/earkweb/work/8cf1a035-0792-4175-bce0-383fc9b18a9c/submission/metadata/descriptive/ead.xml
2016-06-07 18:28:04 INFO Using schema files specified by the 'schemaLocation' attribute
2016-06-07 18:28:04 ERROR Error validating against schemas using schema files specified by the 'schemaLocation' attribute:
2016-06-07 18:28:04 ERROR - DocumentInvalid occurred!
2016-06-07 18:28:04 ERROR - domain_name: SCHEMASV
2016-06-07 18:28:04 ERROR - domain: 17
2016-06-07 18:28:04 ERROR - filename: /var/data/earkweb/work/8cf1a035-0792-4175-bce0-383fc9b18a9c/submission/metadata/descriptive/ead.xml
2016-06-07 18:28:04 ERROR - level: 2
2016-06-07 18:28:04 ERROR - level_name: ERROR
2016-06-07 18:28:04 ERROR - line: 6
2016-06-07 18:28:04 ERROR - message: Element '{http://ead3.archivists.org/schema/}invalidelement': This element is not expected. Expected is ( {http://ead3.archivists.org/schema/}control ).
2016-06-07 18:28:04 ERROR - type: 1871
2016-06-07 18:28:04 ERROR - type_name: SCHEMAV_ELEMENT_CONTENT
2016-06-07 18:28:18 INFO File content successfully written to /var/data/earkweb/work/8cf1a035-0792-4175-bce0-383fc9b18a9c/submission/metadata/descriptive/ead.xml
2016-06-07 18:28:21 INFO AIPDescriptiveMetadataValidation task 3f19f47f-f8c9-4688-9662-e2e634e29df3
2016-06-07 18:28:21 INFO Processing package 8cf1a035-0792-4175-bce0-383fc9b18a9c
2016-06-07 18:28:21 INFO EAD metadata file validation.
2016-06-07 18:28:21 INFO EAD metadata file found: /var/data/earkweb/work/8cf1a035-0792-4175-bce0-383fc9b18a9c/submission/metadata/descriptive/ead.xml
2016-06-07 18:28:21 INFO Using schema files specified by the 'schemaLocation' attribute
2016-06-07 18:28:21 INFO Metadata file '/var/data/earkweb/work/8cf1a035-0792-4175-bce0-383fc9b18a9c/submission/metadata/descriptive/ead.xml' successfully validated.
2016-06-07 18:28:21 INFO The EAD file does not contain any file references.
2016-06-07 18:29:10 INFO File content successfully written to /var/data/earkweb/work/8cf1a035-0792-4175-bce0-383fc9b18a9c/submission/metadata/descriptive/ead.xml
2016-06-07 18:29:20 INFO AIPDescriptiveMetadataValidation task c0ca09a0-5998-462f-aa20-10ec98bf2938
2016-06-07 18:29:20 INFO Processing package 8cf1a035-0792-4175-bce0-383fc9b18a9c
2016-06-07 18:29:20 INFO EAD metadata file validation.
2016-06-07 18:29:20 INFO EAD metadata file found: /var/data/earkweb/work/8cf1a035-0792-4175-bce0-383fc9b18a9c/submission/metadata/descriptive/ead.xml
2016-06-07 18:29:20 INFO Using schema files specified by the 'schemaLocation' attribute
2016-06-07 18:29:20 INFO Metadata file '/var/data/earkweb/work/8cf1a035-0792-4175-bce0-383fc9b18a9c/submission/metadata/descriptive/ead.xml' successfully validated.
2016-06-07 18:29:20 ERROR An error occurred: '{http://www.w3.org/1999/xlink}href'
2016-06-07 18:29:20 ERROR Traceback (most recent call last):
  File "/opt/python_wsgi_apps/earkweb/workers/tasks.py", line 697, in run_task
    valid = validate_ead_metadata(metadata_dir, 'ead.xml', None, tl)
  File "/opt/python_wsgi_apps/earkweb/earkcore/metadata/task_utils.py", line 53, in validate_ead_metadata
    dao_ref_file = os.path.join(ead_dir, remove_protocol(dao.attrib['{http://www.w3.org/1999/xlink}href']))
  File "lxml.etree.pyx", line 2366, in lxml.etree._Attrib.__getitem__ (src/lxml/lxml.etree.c:62258)
KeyError: '{http://www.w3.org/1999/xlink}href'

2016-06-07 18:41:14 INFO AIPDescriptiveMetadataValidation task cf0bd716-00f9-4fc9-9334-332153acb287
2016-06-07 18:41:14 INFO Processing package 8cf1a035-0792-4175-bce0-383fc9b18a9c
2016-06-07 18:41:14 INFO EAD metadata file validation.
2016-06-07 18:41:14 INFO EAD metadata file found: /var/data/earkweb/work/8cf1a035-0792-4175-bce0-383fc9b18a9c/submission/metadata/descriptive/ead.xml
2016-06-07 18:41:14 INFO Using schema files specified by the 'schemaLocation' attribute
2016-06-07 18:41:14 INFO Metadata file '/var/data/earkweb/work/8cf1a035-0792-4175-bce0-383fc9b18a9c/submission/metadata/descriptive/ead.xml' successfully validated.
2016-06-07 18:41:14 ERROR An error occurred: '{http://www.w3.org/1999/xlink}href'
2016-06-07 18:41:14 ERROR Traceback (most recent call last):
  File "/opt/python_wsgi_apps/earkweb/workers/tasks.py", line 697, in run_task
    valid = validate_ead_metadata(metadata_dir, 'ead.xml', None, tl)
  File "/opt/python_wsgi_apps/earkweb/earkcore/metadata/task_utils.py", line 53, in validate_ead_metadata
    dao_ref_file = os.path.join(ead_dir, remove_protocol(dao.attrib['{http://www.w3.org/1999/xlink}href']))
  File "lxml.etree.pyx", line 2366, in lxml.etree._Attrib.__getitem__ (src/lxml/lxml.etree.c:62258)
KeyError: '{http://www.w3.org/1999/xlink}href'

2016-06-07 18:44:35 INFO File content successfully written to /var/data/earkweb/work/8cf1a035-0792-4175-bce0-383fc9b18a9c/submission/metadata/descriptive/ead.xml
2016-06-07 18:44:42 INFO AIPDescriptiveMetadataValidation task 0b5bca1d-f7ff-4294-83c4-065a04ab8d4a
2016-06-07 18:44:42 INFO Processing package 8cf1a035-0792-4175-bce0-383fc9b18a9c
2016-06-07 18:44:42 INFO EAD metadata file validation.
2016-06-07 18:44:42 INFO EAD metadata file found: /var/data/earkweb/work/8cf1a035-0792-4175-bce0-383fc9b18a9c/submission/metadata/descriptive/ead.xml
2016-06-07 18:44:42 INFO Using schema files specified by the 'schemaLocation' attribute
2016-06-07 18:44:42 INFO Metadata file '/var/data/earkweb/work/8cf1a035-0792-4175-bce0-383fc9b18a9c/submission/metadata/descriptive/ead.xml' successfully validated.
2016-06-07 18:44:42 ERROR An error occurred: '{http://www.w3.org/1999/xlink}href'
2016-06-07 18:44:42 ERROR Traceback (most recent call last):
  File "/opt/python_wsgi_apps/earkweb/workers/tasks.py", line 697, in run_task
    valid = validate_ead_metadata(metadata_dir, 'ead.xml', None, tl)
  File "/opt/python_wsgi_apps/earkweb/earkcore/metadata/task_utils.py", line 53, in validate_ead_metadata
    dao_ref_file = os.path.join(ead_dir, remove_protocol(dao.attrib['{http://www.w3.org/1999/xlink}href']))
  File "lxml.etree.pyx", line 2366, in lxml.etree._Attrib.__getitem__ (src/lxml/lxml.etree.c:62258)
KeyError: '{http://www.w3.org/1999/xlink}href'

2016-06-07 18:45:38 INFO AIPDescriptiveMetadataValidation task 8d00fe9e-6aee-4969-a902-184eb61639e4
2016-06-07 18:45:38 INFO Processing package 8cf1a035-0792-4175-bce0-383fc9b18a9c
2016-06-07 18:45:38 INFO EAD metadata file validation.
2016-06-07 18:45:38 INFO EAD metadata file found: /var/data/earkweb/work/8cf1a035-0792-4175-bce0-383fc9b18a9c/submission/metadata/descriptive/ead.xml
2016-06-07 18:45:38 INFO Using schema files specified by the 'schemaLocation' attribute
2016-06-07 18:45:38 INFO Metadata file '/var/data/earkweb/work/8cf1a035-0792-4175-bce0-383fc9b18a9c/submission/metadata/descriptive/ead.xml' successfully validated.
2016-06-07 18:45:38 ERROR An error occurred: '{http://www.w3.org/1999/xlink}href'
2016-06-07 18:45:38 ERROR Traceback (most recent call last):
  File "/opt/python_wsgi_apps/earkweb/workers/tasks.py", line 697, in run_task
    valid = validate_ead_metadata(metadata_dir, 'ead.xml', None, tl)
  File "/opt/python_wsgi_apps/earkweb/earkcore/metadata/task_utils.py", line 53, in validate_ead_metadata
    dao_ref_file = os.path.join(ead_dir, remove_protocol(dao.attrib['{http://www.w3.org/1999/xlink}href']))
  File "lxml.etree.pyx", line 2366, in lxml.etree._Attrib.__getitem__ (src/lxml/lxml.etree.c:62258)
KeyError: '{http://www.w3.org/1999/xlink}href'

2016-06-07 18:46:21 INFO AIPDescriptiveMetadataValidation task ffa9988b-2c4d-4676-8d15-f669814f9359
2016-06-07 18:46:21 INFO Processing package 8cf1a035-0792-4175-bce0-383fc9b18a9c
2016-06-07 18:46:21 INFO EAD metadata file validation.
2016-06-07 18:46:21 INFO EAD metadata file found: /var/data/earkweb/work/8cf1a035-0792-4175-bce0-383fc9b18a9c/submission/metadata/descriptive/ead.xml
2016-06-07 18:46:21 INFO Using schema files specified by the 'schemaLocation' attribute
2016-06-07 18:46:21 INFO Metadata file '/var/data/earkweb/work/8cf1a035-0792-4175-bce0-383fc9b18a9c/submission/metadata/descriptive/ead.xml' successfully validated.
2016-06-07 18:46:21 ERROR DAO file reference error - File does not exist: /var/data/earkweb/work/8cf1a035-0792-4175-bce0-383fc9b18a9c/submission/metadata/descriptive/../../representations/rep1/Example1.docx
2016-06-07 18:46:21 ERROR DAO file reference error - File does not exist: /var/data/earkweb/work/8cf1a035-0792-4175-bce0-383fc9b18a9c/submission/metadata/descriptive/../../representations/rep2/Example1.pdf
2016-06-07 18:46:21 ERROR DAO file reference errors. Please consult the log file for details.
2016-06-07 18:53:29 INFO AIPDescriptiveMetadataValidation task 36e73c6e-d988-4459-84b3-9be8fb8cff21
2016-06-07 18:53:29 INFO Processing package 8cf1a035-0792-4175-bce0-383fc9b18a9c
2016-06-07 18:53:29 INFO EAD metadata file validation.
2016-06-07 18:53:29 INFO EAD metadata file found: /var/data/earkweb/work/8cf1a035-0792-4175-bce0-383fc9b18a9c/submission/metadata/descriptive/ead.xml
2016-06-07 18:53:29 INFO Using schema files specified by the 'schemaLocation' attribute
2016-06-07 18:53:29 INFO Metadata file '/var/data/earkweb/work/8cf1a035-0792-4175-bce0-383fc9b18a9c/submission/metadata/descriptive/ead.xml' successfully validated.
2016-06-07 18:53:29 ERROR DAO file reference error - File does not exist: /var/data/earkweb/work/8cf1a035-0792-4175-bce0-383fc9b18a9c/submission/metadata/descriptive/../../representations/rep1/Example1.docx
2016-06-07 18:53:29 ERROR DAO file reference error - File does not exist: /var/data/earkweb/work/8cf1a035-0792-4175-bce0-383fc9b18a9c/submission/metadata/descriptive/../../representations/rep2/Example1.pdf
2016-06-07 18:53:29 ERROR DAO file reference errors. Please consult the log file for details.
2016-06-07 18:56:17 INFO File content successfully written to /var/data/earkweb/work/8cf1a035-0792-4175-bce0-383fc9b18a9c/submission/metadata/descriptive/ead.xml
2016-06-07 18:56:36 INFO AIPDescriptiveMetadataValidation task bce0ccfe-69eb-404b-95ce-612ea13f9857
2016-06-07 18:56:36 INFO Processing package 8cf1a035-0792-4175-bce0-383fc9b18a9c
2016-06-07 18:56:36 INFO EAD metadata file validation.
2016-06-07 18:56:36 INFO EAD metadata file found: /var/data/earkweb/work/8cf1a035-0792-4175-bce0-383fc9b18a9c/submission/metadata/descriptive/ead.xml
2016-06-07 18:56:36 INFO Using schema files specified by the 'schemaLocation' attribute
2016-06-07 18:56:36 INFO Metadata file '/var/data/earkweb/work/8cf1a035-0792-4175-bce0-383fc9b18a9c/submission/metadata/descriptive/ead.xml' successfully validated.
2016-06-07 19:03:50 INFO File content successfully written to /var/data/earkweb/work/8cf1a035-0792-4175-bce0-383fc9b18a9c/submission/metadata/descriptive/ead.xml
2016-06-07 19:04:20 INFO File content successfully written to /var/data/earkweb/work/8cf1a035-0792-4175-bce0-383fc9b18a9c/submission/metadata/descriptive/ead.xml
2016-06-07 19:04:47 INFO File content successfully written to /var/data/earkweb/work/8cf1a035-0792-4175-bce0-383fc9b18a9c/submission/metadata/descriptive/ead.xml
2016-06-07 19:08:12 INFO File content successfully written to /var/data/earkweb/work/8cf1a035-0792-4175-bce0-383fc9b18a9c/submission/metadata/descriptive/ead.xml
2016-06-07 19:08:13 INFO File content successfully written to /var/data/earkweb/work/8cf1a035-0792-4175-bce0-383fc9b18a9c/submission/metadata/descriptive/ead.xml
2016-06-07 19:08:38 INFO File content successfully written to /var/data/earkweb/work/8cf1a035-0792-4175-bce0-383fc9b18a9c/submission/metadata/descriptive/ead.xml
2016-06-07 19:10:17 INFO File content successfully written to /var/data/earkweb/work/8cf1a035-0792-4175-bce0-383fc9b18a9c/submission/metadata/descriptive/ead.xml
2016-06-07 19:10:41 INFO File content successfully written to /var/data/earkweb/work/8cf1a035-0792-4175-bce0-383fc9b18a9c/submission/metadata/descriptive/ead.xml
2016-06-07 19:11:38 INFO File content successfully written to /var/data/earkweb/work/8cf1a035-0792-4175-bce0-383fc9b18a9c/submission/metadata/descriptive/ead.xml
2016-06-07 19:12:12 INFO File content successfully written to /var/data/earkweb/work/8cf1a035-0792-4175-bce0-383fc9b18a9c/submission/metadata/descriptive/ead.xml
2016-06-07 19:14:41 INFO File content successfully written to /var/data/earkweb/work/8cf1a035-0792-4175-bce0-383fc9b18a9c/submission/metadata/descriptive/ead.xml
2016-06-07 19:15:12 INFO AIPDescriptiveMetadataValidation task 291b71e1-28de-4ff5-bbac-5ca7a28cfb09
2016-06-07 19:15:12 INFO Processing package 8cf1a035-0792-4175-bce0-383fc9b18a9c
2016-06-07 19:15:12 INFO EAD metadata file validation.
2016-06-07 19:15:12 INFO EAD metadata file found: /var/data/earkweb/work/8cf1a035-0792-4175-bce0-383fc9b18a9c/submission/metadata/descriptive/ead.xml
2016-06-07 19:15:12 INFO Using schema files specified by the 'schemaLocation' attribute
2016-06-07 19:15:12 INFO Metadata file '/var/data/earkweb/work/8cf1a035-0792-4175-bce0-383fc9b18a9c/submission/metadata/descriptive/ead.xml' successfully validated.
2016-06-07 19:15:12 ERROR DAO file reference error - File does not exist: /var/data/earkweb/work/8cf1a035-0792-4175-bce0-383fc9b18a9c/submission/metadata/descriptive/../../representations/rep1/Example1.docx
2016-06-07 19:15:12 ERROR DAO file reference error - File does not exist: /var/data/earkweb/work/8cf1a035-0792-4175-bce0-383fc9b18a9c/submission/metadata/descriptive/../../representations/rep2/Example1.pdf
2016-06-07 19:15:12 ERROR DAO file reference errors. Please consult the log file for details.
2016-06-07 19:15:35 INFO File content successfully written to /var/data/earkweb/work/8cf1a035-0792-4175-bce0-383fc9b18a9c/submission/metadata/descriptive/ead.xml
2016-06-07 19:15:40 INFO AIPDescriptiveMetadataValidation task 3dda8390-3c5c-44f8-a323-e7a8152248d3
2016-06-07 19:15:40 INFO Processing package 8cf1a035-0792-4175-bce0-383fc9b18a9c
2016-06-07 19:15:40 INFO EAD metadata file validation.
2016-06-07 19:15:40 INFO EAD metadata file found: /var/data/earkweb/work/8cf1a035-0792-4175-bce0-383fc9b18a9c/submission/metadata/descriptive/ead.xml
2016-06-07 19:15:40 INFO Using schema files specified by the 'schemaLocation' attribute
2016-06-07 19:15:40 INFO Metadata file '/var/data/earkweb/work/8cf1a035-0792-4175-bce0-383fc9b18a9c/submission/metadata/descriptive/ead.xml' successfully validated.
2016-06-07 19:15:40 ERROR DAO file reference error - File does not exist: /var/data/earkweb/work/8cf1a035-0792-4175-bce0-383fc9b18a9c/submission/metadata/descriptive/../../../representations/rep1/Example1.docx
2016-06-07 19:15:40 ERROR DAO file reference error - File does not exist: /var/data/earkweb/work/8cf1a035-0792-4175-bce0-383fc9b18a9c/submission/metadata/descriptive/../../../representations/rep2/Example1.pdf
2016-06-07 19:15:40 ERROR DAO file reference errors. Please consult the log file for details.
2016-06-07 19:16:05 INFO File content successfully written to /var/data/earkweb/work/8cf1a035-0792-4175-bce0-383fc9b18a9c/submission/metadata/descriptive/ead.xml
2016-06-07 19:16:09 INFO AIPDescriptiveMetadataValidation task ca172d5b-a533-401f-a50a-eea454ec8638
2016-06-07 19:16:09 INFO Processing package 8cf1a035-0792-4175-bce0-383fc9b18a9c
2016-06-07 19:16:09 INFO EAD metadata file validation.
2016-06-07 19:16:09 INFO EAD metadata file found: /var/data/earkweb/work/8cf1a035-0792-4175-bce0-383fc9b18a9c/submission/metadata/descriptive/ead.xml
2016-06-07 19:16:09 INFO Using schema files specified by the 'schemaLocation' attribute
2016-06-07 19:16:09 INFO Metadata file '/var/data/earkweb/work/8cf1a035-0792-4175-bce0-383fc9b18a9c/submission/metadata/descriptive/ead.xml' successfully validated.
2016-06-07 19:18:24 INFO AIPDescriptiveMetadataValidation task fa8da267-a26e-4b87-a7e3-9d0459dc0f20
2016-06-07 19:18:24 INFO Processing package 8cf1a035-0792-4175-bce0-383fc9b18a9c
2016-06-07 19:18:24 INFO EAD metadata file validation.
2016-06-07 19:18:24 INFO EAD metadata file found: /var/data/earkweb/work/8cf1a035-0792-4175-bce0-383fc9b18a9c/submission/metadata/descriptive/ead.xml
2016-06-07 19:18:25 INFO Using schema files specified by the 'schemaLocation' attribute
2016-06-07 19:18:25 INFO Metadata file '/var/data/earkweb/work/8cf1a035-0792-4175-bce0-383fc9b18a9c/submission/metadata/descriptive/ead.xml' successfully validated.
2016-06-07 21:06:05 INFO ========================================================================
2016-06-07 21:06:05 INFO Task execution: AIPDescriptiveMetadataValidation task a204d4bc-66d0-4398-adbe-7fc4b7723a8d
2016-06-07 21:06:05 INFO ========================================================================
2016-06-07 21:06:05 INFO Processing package 8cf1a035-0792-4175-bce0-383fc9b18a9c
2016-06-07 21:06:05 INFO EAD metadata file validation.
2016-06-07 21:06:05 INFO EAD metadata file found: /var/data/earkweb/work/8cf1a035-0792-4175-bce0-383fc9b18a9c/submission/metadata/descriptive/ead.xml
2016-06-07 21:06:05 INFO Using schema files specified by the 'schemaLocation' attribute
2016-06-07 21:06:05 INFO Metadata file '/var/data/earkweb/work/8cf1a035-0792-4175-bce0-383fc9b18a9c/submission/metadata/descriptive/ead.xml' successfully validated.
2016-06-08 08:07:23 INFO ========================================================================
2016-06-08 08:07:23 INFO Task execution: AIPDescriptiveMetadataValidation task cb39b6aa-04e2-46c1-a4ce-f0e26894ba83
2016-06-08 08:07:23 INFO ========================================================================
2016-06-08 08:07:23 INFO Processing package 8cf1a035-0792-4175-bce0-383fc9b18a9c
2016-06-08 08:07:23 INFO EAD metadata file validation.
2016-06-08 08:07:23 INFO EAD metadata file found: /var/data/earkweb/work/8cf1a035-0792-4175-bce0-383fc9b18a9c/submission/metadata/descriptive/ead.xml
2016-06-08 08:07:23 INFO Using schema files specified by the 'schemaLocation' attribute
2016-06-08 08:07:23 INFO Metadata file '/var/data/earkweb/work/8cf1a035-0792-4175-bce0-383fc9b18a9c/submission/metadata/descriptive/ead.xml' successfully validated.
2016-06-08 08:07:59 INFO ========================================================================
2016-06-08 08:07:59 INFO Task execution: SIPValidation task a62159ca-fbd5-4d7a-8977-a93245c54d67
2016-06-08 08:07:59 INFO ========================================================================
2016-06-08 08:07:59 INFO Processing package 8cf1a035-0792-4175-bce0-383fc9b18a9c
2016-06-08 08:07:59 INFO submission METS file found: /var/data/earkweb/work/8cf1a035-0792-4175-bce0-383fc9b18a9c/submission/METS.xml
2016-06-08 08:08:04 INFO ========================================================================
2016-06-08 08:08:04 INFO Task execution: AIPMigrations task cff7cda4-476e-4fb7-b064-d04e6d0657c5
2016-06-08 08:08:04 INFO ========================================================================
2016-06-08 08:08:04 INFO Processing package 8cf1a035-0792-4175-bce0-383fc9b18a9c
2016-06-08 08:08:04 INFO Unclassified file Example1.docx, fido result: fido-fmt/189.word. This file will NOT be migrated.
2016-06-08 08:08:05 INFO File Example1.pdf is queued for migration to PDF/A.
2016-06-08 08:08:05 INFO Migration queued for Example1.pdf.
2016-06-08 08:08:05 INFO 1 migrations have been queued, please check the progress with the task AIPCheckMigrationProgress.
2016-06-08 08:08:11 INFO ========================================================================
2016-06-08 08:08:11 INFO Task execution: AIPCheckMigrationProgress task d82e401a-f1aa-4f0d-a504-88180fcd31b0
2016-06-08 08:08:11 INFO ========================================================================
2016-06-08 08:08:11 INFO Processing package 8cf1a035-0792-4175-bce0-383fc9b18a9c
2016-06-08 08:08:11 INFO From a total of 1 migrations, 1 have been successful and 0 failed. Not yet completed: 0 migrations.
2016-06-08 08:08:11 INFO Migrations completed successfully.
2016-06-08 08:08:25 INFO ========================================================================
2016-06-08 08:08:25 INFO Task execution: CreatePremisAfterMigration task 62e5f303-14da-4197-9f58-c6db3b0cf5e2
2016-06-08 08:08:25 INFO ========================================================================
2016-06-08 08:08:25 INFO Processing package 8cf1a035-0792-4175-bce0-383fc9b18a9c
2016-06-08 08:08:25 INFO Generated a Premis file for the representation rep2_mig-1.
2016-06-08 08:08:31 INFO ========================================================================
2016-06-08 08:08:31 INFO Task execution: AIPRepresentationMetsCreation task af4bd1e9-f175-405b-8f6b-bf09e1083d11
2016-06-08 08:08:31 INFO ========================================================================
2016-06-08 08:08:31 INFO Processing package 8cf1a035-0792-4175-bce0-383fc9b18a9c
2016-06-08 08:08:31 INFO Generated a Mets file for representation rep2_mig-1.
2016-06-08 08:08:35 INFO ========================================================================
2016-06-08 08:08:35 INFO Task execution: AIPPackageMetsCreation task 6fcbf4f6-3889-4529-9942-14878e21087d
2016-06-08 08:08:35 INFO ========================================================================
2016-06-08 08:08:35 INFO Processing package 8cf1a035-0792-4175-bce0-383fc9b18a9c
2016-06-08 08:08:35 INFO METS updated with AIP content.
2016-06-08 08:08:40 INFO ========================================================================
2016-06-08 08:08:40 INFO Task execution: AIPValidation task 8a8f6f47-16d9-4af4-8d8d-bce86131052b
2016-06-08 08:08:40 INFO ========================================================================
2016-06-08 08:08:40 INFO Processing package 8cf1a035-0792-4175-bce0-383fc9b18a9c
2016-06-08 08:08:40 INFO Validation result for METS.xml is True.
2016-06-08 08:08:40 INFO Validation for the rep2_mig-1 Mets file is True.
